This is pdfeTeX, Version 3.141592-1.21a-2.2 (Web2C 7.5.4) (format=pdflatex 2007.11.15)  10 DEC 2010 10:11
entering extended mode
**\input final.tex
(./final.tex (/sw/share/texmf-dist/tex/latex/exam/exam.cls
Document Class: exam 2004/08/14 Version 2.2 by Philip Hirschhorn
(/sw/share/texmf-dist/tex/latex/base/ifthen.sty
Package: ifthen 2001/05/26 v1.1c Standard LaTeX ifthen package (DPC)
)
(/sw/share/texmf-dist/tex/latex/base/article.cls
Document Class: article 2004/02/16 v1.4f Standard LaTeX document class
(/sw/share/texmf-dist/tex/latex/base/size10.clo
File: size10.clo 2004/02/16 v1.4f Standard LaTeX file (size option)
)
\c@part=\count79
\c@section=\count80
\c@subsection=\count81
\c@subsubsection=\count82
\c@paragraph=\count83
\c@subparagraph=\count84
\c@figure=\count85
\c@table=\count86
\abovecaptionskip=\skip41
\belowcaptionskip=\skip42
\bibindent=\dimen102
)
\@extrawidth=\skip43
\@rightmargin=\skip44
\@extrahead=\skip45
\@extrafoot=\skip46
\run@exhd=\skip47
\fp@exhd=\skip48
\run@exft=\skip49
\fp@exft=\skip50
\covrun@exhd=\skip51
\covfp@exhd=\skip52
\covrun@exft=\skip53
\covfp@exft=\skip54
\c@latest@ques=\count87
\c@ques@end=\count88
\c@last@part=\count89
\c@last@subpart=\count90
\c@last@subsubpart=\count91
\c@incmp@ques=\count92
\c@next@ques=\count93
\c@nextq@page=\count94
\c@tmp@hlfcntr=\count95
\c@ifpos@cntr=\count96
\c@question=\count97
\c@partno=\count98
\c@subpart=\count99
\c@subsubpart=\count100
\c@choice=\count101
\c@numpoints=\count102
\c@pointsof@thisquestion=\count103
\c@numquestions=\count104
\c@numparts=\count105
\c@numsubparts=\count106
\c@numsubsubparts=\count107
\c@Curr@Page=\count108
\c@@pagepoints=\count109
\c@pageof@pagepoints=\count110
\c@latest@points=\count111
\pageinfo@commands=\toks14
\temp@toks=\toks15
\pagepoint@commands=\toks16
\point@toks=\toks17
\c@lbl@cntr=\count112
\marginpointssep=\skip55
\rightpointsmargin=\skip56
\answerlinelength=\skip57
\answerskip=\skip58
\linefillheight=\skip59
\linefillthickness=\skip60
\c@@iterator=\count113
\@cellwidth=\skip61
\c@numpgs@withpts=\count114
\saved@totalleftmargin=\dimen103
\@sollistdepth=\count115
\FrameRule=\dimen104
\FrameSep=\dimen105
)
(/sw/share/texmf-dist/tex/latex/psnfss/charter.sty
Package: charter 2004/09/15 PSNFSS-v9.2 (P.Dyballa) 
)

LaTeX Warning: Unused global option(s):
    [addpoints].

(./final.aux)
\openout1 = `final.aux'.

LaTeX Font Info:    Checking defaults for OML/cmm/m/it on input line 4.
LaTeX Font Info:    ... okay on input line 4.
LaTeX Font Info:    Checking defaults for T1/cmr/m/n on input line 4.
LaTeX Font Info:    ... okay on input line 4.
LaTeX Font Info:    Checking defaults for OT1/cmr/m/n on input line 4.
LaTeX Font Info:    ... okay on input line 4.
LaTeX Font Info:    Checking defaults for OMS/cmsy/m/n on input line 4.
LaTeX Font Info:    ... okay on input line 4.
LaTeX Font Info:    Checking defaults for OMX/cmex/m/n on input line 4.
LaTeX Font Info:    ... okay on input line 4.
LaTeX Font Info:    Checking defaults for U/cmr/m/n on input line 4.
LaTeX Font Info:    ... okay on input line 4.
LaTeX Font Info:    Try loading font information for OT1+bch on input line 4.
 (/sw/share/texmf-dist/tex/latex/psnfss/ot1bch.fd
File: ot1bch.fd 2004/10/18 font definitions for OT1/bch.
)
Overfull \hbox (15.0pt too wide) in paragraph at lines 14--15
[][] 
 []

LaTeX Font Info:    External font `cmex10' loaded for size
(Font)              <7> on input line 20.
LaTeX Font Info:    External font `cmex10' loaded for size
(Font)              <5> on input line 20.
[1{/sw/var/lib/texmf/fonts/map/pdftex/updmap/pdftex.map}

] [1

] [2] [3] [4]
[5] [6]
This exam contains 4 questions with 12 parts, 0 subparts, and 0 subsubparts.
This exam has a total of 100 points.

Class exam Warning: Point totals have changed. Rerun to get point totals right.


(./final.aux) ) 
Here is how much of TeX's memory you used:
 960 strings out of 94500
 11708 string characters out of 1176113
 61720 words of memory out of 1000000
 4192 multiletter control sequences out of 10000+50000
 10828 words of font info for 22 fonts, out of 500000 for 2000
 580 hyphenation exceptions out of 1000
 29i,9n,19p,176b,327s stack positions out of 1500i,500n,5000p,200000b,5000s
PDF statistics:
 47 PDF objects out of 300000
 0 named destinations out of 131072
 1 words of extra memory for PDF output out of 65536
{/sw/share/texmf-dist/fonts/enc/dvips/psnfss/8r.enc}</sw/share/t
exmf-dist/fonts/type1/bitstrea/charter/bchr8a.pfb></sw/share/texmf-dist/fonts/t
ype1/bluesky/cm/cmr7.pfb></sw/share/texmf-dist/fonts/type1/bluesky/cm/cmsy10.pf
b></sw/share/texmf-dist/fonts/type1/bluesky/cm/cmex10.pfb></sw/share/texmf-dist
/fonts/type1/bluesky/cm/cmr10.pfb></sw/share/texmf-dist/fonts/type1/bluesky/cm/
cmmi10.pfb></sw/share/texmf-dist/fonts/type1/bitstrea/charter/bchb8a.pfb></sw/s
hare/texmf-dist/fonts/type1/bitstrea/charter/bchr8a.pfb>
Output written on final.pdf (7 pages, 57847 bytes).
