This is pdfTeX, Version 3.141592-1.40.3 (Web2C 7.5.6) (format=pdflatex 2007.8.24)  19 AUG 2010 11:37
entering extended mode
**\nonstopmode\input{PHYS362-F2010-Syllabus.tex}
(./PHYS362-F2010-Syllabus.tex
(/usr/local/gwTeX/texmf.texlive/tex/latex/base/article.cls
Document Class: article 2005/09/16 v1.4f Standard LaTeX document class
(/usr/local/gwTeX/texmf.texlive/tex/latex/base/size10.clo
File: size10.clo 2005/09/16 v1.4f Standard LaTeX file (size option)
)
\c@part=\count79
\c@section=\count80
\c@subsection=\count81
\c@subsubsection=\count82
\c@paragraph=\count83
\c@subparagraph=\count84
\c@figure=\count85
\c@table=\count86
\abovecaptionskip=\skip41
\belowcaptionskip=\skip42
\bibindent=\dimen102
)
(/usr/local/gwTeX/texmf.texlive/tex/latex/psnfss/charter.sty
Package: charter 2005/04/12 PSNFSS-v9.2a (P.Dyballa) 
)
(/usr/local/gwTeX/texmf.texlive/tex/latex/preprint/fullpage.sty
Package: fullpage 1999/02/23 1.1 (PWD)
\FP@margin=\skip43
)
No file PHYS362-F2010-Syllabus.aux.
\openout1 = `PHYS362-F2010-Syllabus.aux'.

LaTeX Font Info:    Checking defaults for OML/cmm/m/it on input line 4.
LaTeX Font Info:    ... okay on input line 4.
LaTeX Font Info:    Checking defaults for T1/cmr/m/n on input line 4.
LaTeX Font Info:    ... okay on input line 4.
LaTeX Font Info:    Checking defaults for OT1/cmr/m/n on input line 4.
LaTeX Font Info:    ... okay on input line 4.
LaTeX Font Info:    Checking defaults for OMS/cmsy/m/n on input line 4.
LaTeX Font Info:    ... okay on input line 4.
LaTeX Font Info:    Checking defaults for OMX/cmex/m/n on input line 4.
LaTeX Font Info:    ... okay on input line 4.
LaTeX Font Info:    Checking defaults for U/cmr/m/n on input line 4.
LaTeX Font Info:    ... okay on input line 4.
LaTeX Font Info:    Try loading font information for OT1+bch on input line 4.
(/usr/local/gwTeX/texmf.texlive/tex/latex/psnfss/ot1bch.fd
File: ot1bch.fd 2004/10/18 font definitions for OT1/bch.
)
LaTeX Font Info:    Try loading font information for OMS+bch on input line 50.

(/usr/local/gwTeX/texmf.texlive/tex/latex/psnfss/omsbch.fd
File: omsbch.fd 
)
LaTeX Font Info:    Font shape `OMS/bch/m/n' in size <10> not available
(Font)              Font shape `OMS/cmsy/m/n' tried instead on input line 50.
 [1

{/usr/local/gwTeX/texmf.local/fonts/map/pdftex/updmap/pdftex.map}]
LaTeX Font Info:    External font `cmex10' loaded for size
(Font)              <7> on input line 84.
LaTeX Font Info:    External font `cmex10' loaded for size
(Font)              <5> on input line 84.

Underfull \hbox (badness 10000) in paragraph at lines 93--94

 []

[2]
Overfull \hbox (42.55421pt too wide) in paragraph at lines 129--179
[][] 
 []

[3] (./PHYS362-F2010-Syllabus.aux) ) 
Here is how much of TeX's memory you used:
 290 strings out of 94073
 3714 string characters out of 1163505
 2048804 words of memory out of 4500000
 3642 multiletter control sequences out of 10000+50000
 10764 words of font info for 22 fonts, out of 2000000 for 2000
 645 hyphenation exceptions out of 5000
 24i,11n,19p,178b,207s stack positions out of 5000i,500n,6000p,200000b,50000s
{/usr/local/gwTeX/texmf.texlive/fonts/enc/d
vips/base/8r.enc}</usr/local/gwTeX/texmf.texlive/fonts/type1/bitstrea/charter/b
chb8a.pfb></usr/local/gwTeX/texmf.texlive/fonts/type1/bitstrea/charter/bchr8a.p
fb></usr/local/gwTeX/texmf.texlive/fonts/type1/bluesky/cm/cmsy10.pfb>
Output written on PHYS362-F2010-Syllabus.pdf (3 pages, 43391 bytes).
PDF statistics:
 25 PDF objects out of 1000 (max. 8388607)
 0 named destinations out of 1000 (max. 131072)
 1 words of extra memory for PDF output out of 10000 (max. 10000000)

